<?xml version="1.0" encoding="UTF-8"?>
<testsuite name="TestDifferentSituations" tests="1" skipped="0" failures="0" errors="0" timestamp="2022-11-05T19:41:22" hostname="LAPTOP-3QH5SVRV" time="0.077">
  <properties/>
  <testcase name="testSecondSituation()" classname="TestDifferentSituations" time="0.077"/>
  <system-out><![CDATA[]]></system-out>
  <system-err><![CDATA[]]></system-err>
</testsuite>
